

Started GET "/" for 127.0.0.1 at 2014-04-08 15:24:44 -0300
Processing by Rails::WelcomeController#index as HTML
  Rendered /home/saasbook/.rvm/gems/ruby-1.9.3-p448/gems/railties-4.0.2/lib/rails/templates/rails/welcome/index.html.erb (51.9ms)
Completed 200 OK in 714ms (Views: 299.2ms | ActiveRecord: 0.0ms)


Started GET "/" for 127.0.0.1 at 2014-04-08 16:02:11 -0300
Processing by Rails::WelcomeController#index as HTML
  Rendered /home/saasbook/.rvm/gems/ruby-2.0.0-p247@railstutorial_rails_4_0/gems/railties-4.0.2/lib/rails/templates/rails/welcome/index.html.erb (14.4ms)
Completed 200 OK in 273ms (Views: 69.8ms | ActiveRecord: 0.0ms)


Started GET "/" for 127.0.0.1 at 2014-04-08 16:03:57 -0300
Processing by Rails::WelcomeController#index as HTML
  Rendered /home/saasbook/.rvm/gems/ruby-2.0.0-p247@railstutorial_rails_4_0/gems/railties-4.0.2/lib/rails/templates/rails/welcome/index.html.erb (21.0ms)
Completed 200 OK in 294ms (Views: 96.5ms | ActiveRecord: 0.0ms)


Started GET "/" for 127.0.0.1 at 2014-04-08 16:04:04 -0300
Processing by Rails::WelcomeController#index as HTML
  Rendered /home/saasbook/.rvm/gems/ruby-2.0.0-p247@railstutorial_rails_4_0/gems/railties-4.0.2/lib/rails/templates/rails/welcome/index.html.erb (0.5ms)
Completed 200 OK in 41ms (Views: 39.0ms | ActiveRecord: 0.0ms)


Started GET "/" for 127.0.0.1 at 2014-04-08 16:08:21 -0300
Processing by Rails::WelcomeController#index as HTML
  Rendered /home/saasbook/.rvm/gems/ruby-2.0.0-p247@railstutorial_rails_4_0/gems/railties-4.0.2/lib/rails/templates/rails/welcome/index.html.erb (10.2ms)
Completed 200 OK in 277ms (Views: 83.7ms | ActiveRecord: 0.0ms)


Started GET "/" for 127.0.0.1 at 2014-04-08 16:08:25 -0300
Processing by Rails::WelcomeController#index as HTML
  Rendered /home/saasbook/.rvm/gems/ruby-2.0.0-p247@railstutorial_rails_4_0/gems/railties-4.0.2/lib/rails/templates/rails/welcome/index.html.erb (1.6ms)
Completed 200 OK in 93ms (Views: 91.5ms | ActiveRecord: 0.0ms)
